<?xml version="1.0" encoding="UTF-8"?>
<robot generator="Robot 3.1.2 (Python 3.8.0 on win32)" generated="20200124 10:18:13.632" rpa="false">
<suite id="s1" name="TEstSuite1" source="C:\Users\fastcode052018\Mongo\Robotproject1\test\TEstSuite1.robot">
<kw name="Log" library="BuiltIn" type="setup">
<doc>Logs the given message with the given level.</doc>
<arguments>
<arg>I am inside Test Suite Setup</arg>
</arguments>
<msg timestamp="20200124 10:18:13.929" level="INFO">I am inside Test Suite Setup</msg>
<status status="PASS" starttime="20200124 10:18:13.929" endtime="20200124 10:18:13.929"></status>
</kw>
<test id="s1-t1" name="MyFirstTest">
<kw name="Log" library="BuiltIn" type="setup">
<doc>Logs the given message with the given level.</doc>
<arguments>
<arg>I am inside Test Setup</arg>
</arguments>
<msg timestamp="20200124 10:18:13.930" level="INFO">I am inside Test Setup</msg>
<status status="PASS" starttime="20200124 10:18:13.930" endtime="20200124 10:18:13.930"></status>
</kw>
<kw name="Log" library="BuiltIn">
<doc>Logs the given message with the given level.</doc>
<arguments>
<arg>Hello world...</arg>
</arguments>
<msg timestamp="20200124 10:18:13.931" level="INFO">Hello world...</msg>
<status status="PASS" starttime="20200124 10:18:13.931" endtime="20200124 10:18:13.931"></status>
</kw>
<kw name="Log" library="BuiltIn" type="teardown">
<doc>Logs the given message with the given level.</doc>
<arguments>
<arg>I am inside Test Teardown</arg>
</arguments>
<msg timestamp="20200124 10:18:13.932" level="INFO">I am inside Test Teardown</msg>
<status status="PASS" starttime="20200124 10:18:13.932" endtime="20200124 10:18:13.932"></status>
</kw>
<status status="PASS" starttime="20200124 10:18:13.929" endtime="20200124 10:18:13.933" critical="yes"></status>
</test>
<test id="s1-t2" name="FirstSeleniumTest">
<kw name="Log" library="BuiltIn" type="setup">
<doc>Logs the given message with the given level.</doc>
<arguments>
<arg>I am inside Test Setup</arg>
</arguments>
<msg timestamp="20200124 10:18:13.939" level="INFO">I am inside Test Setup</msg>
<status status="PASS" starttime="20200124 10:18:13.938" endtime="20200124 10:18:13.939"></status>
</kw>
<kw name="Create Webdriver" library="SeleniumLibrary">
<doc>Creates an instance of Selenium WebDriver.</doc>
<arguments>
<arg>Chrome</arg>
</arguments>
<msg timestamp="20200124 10:18:13.940" level="INFO">Creating an instance of the Chrome WebDriver.</msg>
<status status="PASS" starttime="20200124 10:18:13.939" endtime="20200124 10:18:19.409"></status>
</kw>
<kw name="Set Browser Implicit Wait" library="SeleniumLibrary">
<doc>Sets the implicit wait value used by Selenium.</doc>
<arguments>
<arg>5</arg>
</arguments>
<status status="PASS" starttime="20200124 10:18:19.411" endtime="20200124 10:18:19.416"></status>
</kw>
<kw name="Open Browser" library="SeleniumLibrary">
<doc>Opens a new browser instance to the optional ``url``.</doc>
<arguments>
<arg>https:google.com</arg>
<arg>chrome</arg>
</arguments>
<msg timestamp="20200124 10:18:19.418" level="INFO">Opening browser 'chrome' to base url 'https:google.com'.</msg>
<status status="PASS" starttime="20200124 10:18:19.417" endtime="20200124 10:18:26.013"></status>
</kw>
<kw name="Input Text" library="SeleniumLibrary">
<doc>Types the given ``text`` into the text field identified by ``locator``.</doc>
<arguments>
<arg>name=q</arg>
<arg>Automation step by step</arg>
</arguments>
<msg timestamp="20200124 10:18:26.036" level="INFO">Typing text 'Automation step by step' into text field 'name=q'.</msg>
<status status="PASS" starttime="20200124 10:18:26.036" endtime="20200124 10:18:26.615"></status>
</kw>
<kw name="Press Keys" library="SeleniumLibrary">
<doc>Simulates the user pressing key(s) to an element or on the active browser.</doc>
<arguments>
<arg>name=q</arg>
<arg>ENTER</arg>
</arguments>
<msg timestamp="20200124 10:18:26.625" level="INFO">Sending key(s) ('ENTER',) to name=q element.</msg>
<msg timestamp="20200124 10:18:26.636" level="INFO">Pressing special key ENTER to element.</msg>
<status status="PASS" starttime="20200124 10:18:26.624" endtime="20200124 10:18:28.556"></status>
</kw>
<kw name="Click Button" library="SeleniumLibrary">
<doc>Clicks the button identified by ``locator``.</doc>
<arguments>
<arg>name=btnk</arg>
</arguments>
<msg timestamp="20200124 10:18:28.559" level="INFO">Clicking button 'name=btnk'.</msg>
<kw name="Capture Page Screenshot" library="SeleniumLibrary">
<doc>Takes a screenshot of the current page and embeds it into a log file.</doc>
<msg timestamp="20200124 10:18:28.912" level="INFO" html="yes">&lt;/td&gt;&lt;/tr&gt;&lt;tr&gt;&lt;td colspan="3"&gt;&lt;a href="selenium-screenshot-8.png"&gt;&lt;img src="selenium-screenshot-8.png" width="800px"&gt;&lt;/a&gt;</msg>
<status status="PASS" starttime="20200124 10:18:28.591" endtime="20200124 10:18:28.913"></status>
</kw>
<msg timestamp="20200124 10:18:28.961" level="FAIL">Button with locator 'name=btnk' not found.</msg>
<status status="FAIL" starttime="20200124 10:18:28.558" endtime="20200124 10:18:28.961"></status>
</kw>
<kw name="Log" library="BuiltIn" type="teardown">
<doc>Logs the given message with the given level.</doc>
<arguments>
<arg>I am inside Test Teardown</arg>
</arguments>
<msg timestamp="20200124 10:18:28.962" level="INFO">I am inside Test Teardown</msg>
<status status="PASS" starttime="20200124 10:18:28.962" endtime="20200124 10:18:28.962"></status>
</kw>
<status status="FAIL" starttime="20200124 10:18:13.936" endtime="20200124 10:18:28.963" critical="yes">Button with locator 'name=btnk' not found.</status>
</test>
<test id="s1-t3" name="SampleLoginTest">
<kw name="Log" library="BuiltIn" type="setup">
<doc>Logs the given message with the given level.</doc>
<arguments>
<arg>I am inside Test Setup</arg>
</arguments>
<msg timestamp="20200124 10:18:28.967" level="INFO">I am inside Test Setup</msg>
<status status="PASS" starttime="20200124 10:18:28.967" endtime="20200124 10:18:28.967"></status>
</kw>
<kw name="Open Browser" library="SeleniumLibrary">
<doc>Opens a new browser instance to the optional ``url``.</doc>
<arguments>
<arg>${URL} Chrome</arg>
</arguments>
<msg timestamp="20200124 10:18:28.970" level="INFO">Opening browser 'firefox' to base url 'https://opensource-demo.orangehrmlive.com/ Chrome'.</msg>
<msg timestamp="20200124 10:18:28.984" level="INFO">Firefox driver log is always forced to to: C:\Users\fastcode052018\Mongo\Robotproject1\geckodriver-9.log</msg>
<status status="PASS" starttime="20200124 10:18:28.968" endtime="20200124 10:18:37.137"></status>
</kw>
<kw name="Set Browser Implicit Wait" library="SeleniumLibrary">
<doc>Sets the implicit wait value used by Selenium.</doc>
<arguments>
<arg>5</arg>
</arguments>
<status status="PASS" starttime="20200124 10:18:37.137" endtime="20200124 10:18:37.144"></status>
</kw>
<kw name="LoginKW">
<kw name="Input Text" library="SeleniumLibrary">
<doc>Types the given ``text`` into the text field identified by ``locator``.</doc>
<arguments>
<arg>id=txtUsername</arg>
<arg>@{CREDENTIALS}[0]</arg>
</arguments>
<msg timestamp="20200124 10:18:37.145" level="INFO">Typing text 'Admin' into text field 'id=txtUsername'.</msg>
<status status="PASS" starttime="20200124 10:18:37.145" endtime="20200124 10:18:37.198"></status>
</kw>
<kw name="Input Password" library="SeleniumLibrary">
<doc>Types the given password into the text field identified by ``locator``.</doc>
<arguments>
<arg>id=txtPassword</arg>
<arg>&amp;{LOGINDATA}[password]</arg>
</arguments>
<msg timestamp="20200124 10:18:37.199" level="INFO">Typing password into text field 'id=txtPassword'.</msg>
<status status="PASS" starttime="20200124 10:18:37.199" endtime="20200124 10:18:37.248"></status>
</kw>
<kw name="Click Button" library="SeleniumLibrary">
<doc>Clicks the button identified by ``locator``.</doc>
<arguments>
<arg>id=btnLogin</arg>
</arguments>
<msg timestamp="20200124 10:18:37.248" level="INFO">Clicking button 'id=btnLogin'.</msg>
<status status="PASS" starttime="20200124 10:18:37.248" endtime="20200124 10:18:38.719"></status>
</kw>
<status status="PASS" starttime="20200124 10:18:37.144" endtime="20200124 10:18:38.720"></status>
</kw>
<kw name="Click Element" library="SeleniumLibrary">
<doc>Click the element identified by ``locator``.</doc>
<arguments>
<arg>id=welcome</arg>
</arguments>
<msg timestamp="20200124 10:18:38.721" level="INFO">Clicking element 'id=welcome'.</msg>
<status status="PASS" starttime="20200124 10:18:38.721" endtime="20200124 10:18:39.449"></status>
</kw>
<kw name="Click Element" library="SeleniumLibrary">
<doc>Click the element identified by ``locator``.</doc>
<arguments>
<arg>id=Logout</arg>
</arguments>
<msg timestamp="20200124 10:18:39.452" level="INFO">Clicking element 'id=Logout'.</msg>
<kw name="Capture Page Screenshot" library="SeleniumLibrary">
<doc>Takes a screenshot of the current page and embeds it into a log file.</doc>
<msg timestamp="20200124 10:18:45.084" level="FAIL">WebDriverException: Message: Failed to decode response from marionette
</msg>
<status status="FAIL" starttime="20200124 10:18:43.644" endtime="20200124 10:18:45.084"></status>
</kw>
<msg timestamp="20200124 10:18:45.084" level="WARN">Keyword 'Capture Page Screenshot' could not be run on failure: WebDriverException: Message: Failed to decode response from marionette
</msg>
<msg timestamp="20200124 10:18:45.087" level="FAIL">WebDriverException: Message: Failed to interpret value as array
</msg>
<status status="FAIL" starttime="20200124 10:18:39.451" endtime="20200124 10:18:45.087"></status>
</kw>
<kw name="Log" library="BuiltIn" type="teardown">
<doc>Logs the given message with the given level.</doc>
<arguments>
<arg>I am inside Test Teardown</arg>
</arguments>
<msg timestamp="20200124 10:18:45.087" level="INFO">I am inside Test Teardown</msg>
<status status="PASS" starttime="20200124 10:18:45.087" endtime="20200124 10:18:45.087"></status>
</kw>
<doc>This is a sample login test</doc>
<status status="FAIL" starttime="20200124 10:18:28.966" endtime="20200124 10:18:45.088" critical="yes">WebDriverException: Message: Failed to interpret value as array
</status>
</test>
<kw name="Log" library="BuiltIn" type="teardown">
<doc>Logs the given message with the given level.</doc>
<arguments>
<arg>I am inside Test Suite Teardown</arg>
</arguments>
<msg timestamp="20200124 10:18:45.092" level="INFO">I am inside Test Suite Teardown</msg>
<status status="PASS" starttime="20200124 10:18:45.091" endtime="20200124 10:18:45.092"></status>
</kw>
<status status="FAIL" starttime="20200124 10:18:13.635" endtime="20200124 10:18:45.092"></status>
</suite>
<statistics>
<total>
<stat pass="1" fail="2">Critical Tests</stat>
<stat pass="1" fail="2">All Tests</stat>
</total>
<tag>
</tag>
<suite>
<stat pass="1" fail="2" id="s1" name="TEstSuite1">TEstSuite1</stat>
</suite>
</statistics>
<errors>
<msg timestamp="20200124 10:18:45.084" level="WARN">Keyword 'Capture Page Screenshot' could not be run on failure: WebDriverException: Message: Failed to decode response from marionette
</msg>
</errors>
</robot>
